<?xml version="1.0" encoding="UTF-8"?>
<!-- Generated by org.testng.reporters.JUnitXMLReporter -->
<testsuite ignored="0" hostname="MSI" failures="1" tests="1" name="SampleTests" time="0.133" errors="0" timestamp="2025-11-27T23:15:31 IST">
  <testcase classname="tests.LoginTest" name="testLogin" time="0.004">
    <failure type="java.lang.NullPointerException" message="Cannot invoke &amp;quot;org.openqa.selenium.WebDriver.get(String)&amp;quot; because the return value of &amp;quot;tests.LoginTest.getDriver()&amp;quot; is null">
      <![CDATA[java.lang.NullPointerException: Cannot invoke "org.openqa.selenium.WebDriver.get(String)" because the return value of "tests.LoginTest.getDriver()" is null
at tests.LoginTest.testLogin(LoginTest.java:12)
at java.base/java.util.ArrayList.forEach(ArrayList.java:1511)
... Removed 31 stack frames]]>
    </failure>
  </testcase> <!-- testLogin -->
</testsuite> <!-- SampleTests -->
